<?xml version="1.0" encoding="UTF-8"?>
<testsuite name="com.phonebook.tests.LoginTests" tests="1" skipped="0" failures="0" errors="0" timestamp="2025-07-02T07:37:20" hostname="WINDOWS-4FMQ8EQ" time="2.085">
  <properties/>
  <testcase name="loginNegativeTest" classname="com.phonebook.tests.LoginTests" time="2.085"/>
  <system-out><![CDATA[]]></system-out>
  <system-err><![CDATA[]]></system-err>
</testsuite>
